<html>
<head>
<title>TestNG:  HubSpot Feature Testing - chrome</title>
<link href="../testng.css" rel="stylesheet" type="text/css" />
<link href="../my-testng.css" rel="stylesheet" type="text/css" />

<style type="text/css">
.log { display: none;} 
.stack-trace { display: none;} 
</style>
<script type="text/javascript">
<!--
function flip(e) {
  current = e.style.display;
  if (current == 'block') {
    e.style.display = 'none';
    return 0;
  }
  else {
    e.style.display = 'block';
    return 1;
  }
}

function toggleBox(szDivId, elem, msg1, msg2)
{
  var res = -1;  if (document.getElementById) {
    res = flip(document.getElementById(szDivId));
  }
  else if (document.all) {
    // this is the way old msie versions work
    res = flip(document.all[szDivId]);
  }
  if(elem) {
    if(res == 0) elem.innerHTML = msg1; else elem.innerHTML = msg2;
  }

}

function toggleAllBoxes() {
  if (document.getElementsByTagName) {
    d = document.getElementsByTagName('div');
    for (i = 0; i < d.length; i++) {
      if (d[i].className == 'log') {
        flip(d[i]);
      }
    }
  }
}

// -->
</script>

</head>
<body>
<h2 align='center'>HubSpot Feature Testing - chrome</h2><table border='1' align="center">
<tr>
<td>Tests passed/Failed/Skipped:</td><td>0/0/3</td>
</tr><tr>
<td>Started on:</td><td>Sun Jul 26 22:34:11 CDT 2020</td>
</tr>
<tr><td>Total time:</td><td>10 seconds (10245 ms)</td>
</tr><tr>
<td>Included groups:</td><td></td>
</tr><tr>
<td>Excluded groups:</td><td></td>
</tr>
</table><p/>
<small><i>(Hover the method name to see the test class name)</i></small><p/>
<table width='100%' border='1' class='invocation-failed'>
<tr><td colspan='4' align='center'><b>FAILED CONFIGURATIONS</b></td></tr>
<tr><td><b>Test method</b></td>
<td width="30%"><b>Exception</b></td>
<td width="10%"><b>Time (seconds)</b></td>
<td><b>Instance</b></td>
</tr>
<tr>
<td title='com.qa.hubspot.tests.LoginPageTest.setUp()'><b>setUp</b><br>Test class: com.qa.hubspot.tests.LoginPageTest<br>Parameters: chrome</td>
<td><div><pre>org.openqa.selenium.SessionNotCreatedException: session not created
from disconnected: received Inspector.detached event
  (Session info: chrome=84.0.4147.89)
Build info: version: &apos;3.141.59&apos;, revision: &apos;e82be7d358&apos;, time: &apos;2018-11-14T08:17:03&apos;
System info: host: &apos;DESKTOP-0J47P2G&apos;, ip: &apos;192.168.56.1&apos;, os.name: &apos;Windows 10&apos;, os.arch: &apos;amd64&apos;, os.version: &apos;10.0&apos;, java.version: &apos;1.8.0_251&apos;
Driver info: driver.version: ChromeDriver
remote stacktrace: Backtrace:
	Ordinal0 [0x006587E3+2852835]
	Ordinal0 [0x00545BB1+1727409]
	Ordinal0 [0x0041E4B9+517305]
	Ordinal0 [0x00416959+485721]
	Ordinal0 [0x0041656C+484716]
	Ordinal0 [0x00415E98+482968]
	Ordinal0 [0x004152D1+479953]
	Ordinal0 [0x00415515+480533]
	Ordinal0 [0x00414F45+479045]
	Ordinal0 [0x0041D225+512549]
	Ordinal0 [0x00414F02+478978]
	Ordinal0 [0x00415B19+482073]
	Ordinal0 [0x004152D1+479953]
	Ordinal0 [0x00415515+480533]
	Ordinal0 [0x00414F45+479045]
	Ordinal0 [0x0041BA6E+506478]
	Ordinal0 [0x00414F02+478978]
	Ordinal0 [0x00415B19+482073]
	Ordinal0 [0x004152D1+479953]
	Ordinal0 [0x00415515+480533]
	Ordinal0 [0x00414F45+479045]
	Ordinal0 [0x00419FC6+499654]
	Ordinal0 [0x00414F02+478978]
	Ordinal0 [0x00415B19+482073]
	Ordinal0 [0x004152D1+479953]
	Ordinal0 [0x00415515+480533]
	Ordinal0 [0x00414F45+479045]
	Ordinal0 [0x00419587+497031]
	Ordinal0 [0x00414F02+478978]
	Ordinal0 [0x00415B19+482073]
	Ordinal0 [0x004152D1+479953]
	Ordinal0 [0x00415515+480533]
	Ordinal0 [0x00414F45+479045]
	Ordinal0 [0x004116BC+464572]
	Ordinal0 [0x00414F02+478978]
	Ordinal0 [0x00414E57+478807]
	Ordinal0 [0x0041F300+520960]
	Ordinal0 [0x003CE489+189577]
	Ordinal0 [0x003CD7FD+186365]
	Ordinal0 [0x003CB70B+177931]
	Ordinal0 [0x003B2584+75140]
	Ordinal0 [0x003B3650+79440]
	Ordinal0 [0x003B35E9+79337]
	Ordinal0 [0x0055AD5C+1813852]
	GetHandleVerifier [0x0077C616+1075574]
	GetHandleVerifier [0x0077C367+1074887]
	GetHandleVerifier [0x00787497+1120247]
	GetHandleVerifier [0x0077CC16+1077110]
	Ordinal0 [0x00553206+1782278]
	Ordinal0 [0x0055C3BB+1819579]
	Ordinal0 [0x0055C523+1819939]
	Ordinal0 [0x00572B45+1911621]
	BaseThreadInitThunk [0x75EAF989+25]
	RtlGetAppContainerNamedObjectPath [0x777874A4+228]
	RtlGetAppContainerNamedObjectPath [0x77787474+180]

	at org.openqa.selenium.remote.W3CHandshakeResponse.lambda$errorHandler$0(W3CHandshakeResponse.java:62)
	at org.openqa.selenium.remote.HandshakeResponse.lambda$getResponseFunction$0(HandshakeResponse.java:30)
	at org.openqa.selenium.remote.ProtocolHandshake.lambda$createSession$0(ProtocolHandshake.java:126)
	at java.util.stream.ReferencePipeline$3$1.accept(Unknown Source)
	at java.util.Spliterators$ArraySpliterator.tryAdvance(Unknown Source)
	at java.util.stream.ReferencePipeline.forEachWithCancel(Unknown Source)
	at java.util.stream.AbstractPipeline.copyIntoWithCancel(Unknown Source)
	at java.util.stream.AbstractPipeline.copyInto(Unknown Source)
	at java.util.stream.AbstractPipeline.wrapAndCopyInto(Unknown Source)
	at java.util.stream.FindOps$FindOp.evaluateSequential(Unknown Source)
	at java.util.stream.AbstractPipeline.evaluate(Unknown Source)
	at java.util.stream.ReferencePipeline.findFirst(Unknown Source)
	at org.openqa.selenium.remote.ProtocolHandshake.createSession(ProtocolHandshake.java:128)
	at org.openqa.selenium.remote.ProtocolHandshake.createSession(ProtocolHandshake.java:74)
	at org.openqa.selenium.remote.HttpCommandExecutor.execute(HttpCommandExecutor.java:136)
	at org.openqa.selenium.remote.service.DriverCommandExecutor.execute(DriverCommandExecutor.java:83)
	at org.openqa.selenium.remote.RemoteWebDriver.execute(RemoteWebDriver.java:552)
	at org.openqa.selenium.remote.RemoteWebDriver.startSession(RemoteWebDriver.java:213)
	at org.openqa.selenium.remote.RemoteWebDriver.&lt;init&gt;(RemoteWebDriver.java:131)
	at org.openqa.selenium.chrome.ChromeDriver.&lt;init&gt;(ChromeDriver.java:181)
	at org.openqa.selenium.chrome.ChromeDriver.&lt;init&gt;(ChromeDriver.java:168)
	at org.openqa.selenium.chrome.ChromeDriver.&lt;init&gt;(ChromeDriver.java:157)
	at com.qa.hubspot.base.BasePage.init_driver(BasePage.java:56)
	at com.qa.hubspot.base.BaseTest.setUp(BaseTest.java:26)
... Removed 28 stack frames</pre></div><a href='#' onClick='toggleBox("stack-trace1524026401", this, "Click to show all stack frames", "Click to hide stack frames")'>Click to show all stack frames</a>
<div class='stack-trace' id='stack-trace1524026401'><pre>org.openqa.selenium.SessionNotCreatedException: session not created
from disconnected: received Inspector.detached event
  (Session info: chrome=84.0.4147.89)
Build info: version: &apos;3.141.59&apos;, revision: &apos;e82be7d358&apos;, time: &apos;2018-11-14T08:17:03&apos;
System info: host: &apos;DESKTOP-0J47P2G&apos;, ip: &apos;192.168.56.1&apos;, os.name: &apos;Windows 10&apos;, os.arch: &apos;amd64&apos;, os.version: &apos;10.0&apos;, java.version: &apos;1.8.0_251&apos;
Driver info: driver.version: ChromeDriver
remote stacktrace: Backtrace:
	Ordinal0 [0x006587E3+2852835]
	Ordinal0 [0x00545BB1+1727409]
	Ordinal0 [0x0041E4B9+517305]
	Ordinal0 [0x00416959+485721]
	Ordinal0 [0x0041656C+484716]
	Ordinal0 [0x00415E98+482968]
	Ordinal0 [0x004152D1+479953]
	Ordinal0 [0x00415515+480533]
	Ordinal0 [0x00414F45+479045]
	Ordinal0 [0x0041D225+512549]
	Ordinal0 [0x00414F02+478978]
	Ordinal0 [0x00415B19+482073]
	Ordinal0 [0x004152D1+479953]
	Ordinal0 [0x00415515+480533]
	Ordinal0 [0x00414F45+479045]
	Ordinal0 [0x0041BA6E+506478]
	Ordinal0 [0x00414F02+478978]
	Ordinal0 [0x00415B19+482073]
	Ordinal0 [0x004152D1+479953]
	Ordinal0 [0x00415515+480533]
	Ordinal0 [0x00414F45+479045]
	Ordinal0 [0x00419FC6+499654]
	Ordinal0 [0x00414F02+478978]
	Ordinal0 [0x00415B19+482073]
	Ordinal0 [0x004152D1+479953]
	Ordinal0 [0x00415515+480533]
	Ordinal0 [0x00414F45+479045]
	Ordinal0 [0x00419587+497031]
	Ordinal0 [0x00414F02+478978]
	Ordinal0 [0x00415B19+482073]
	Ordinal0 [0x004152D1+479953]
	Ordinal0 [0x00415515+480533]
	Ordinal0 [0x00414F45+479045]
	Ordinal0 [0x004116BC+464572]
	Ordinal0 [0x00414F02+478978]
	Ordinal0 [0x00414E57+478807]
	Ordinal0 [0x0041F300+520960]
	Ordinal0 [0x003CE489+189577]
	Ordinal0 [0x003CD7FD+186365]
	Ordinal0 [0x003CB70B+177931]
	Ordinal0 [0x003B2584+75140]
	Ordinal0 [0x003B3650+79440]
	Ordinal0 [0x003B35E9+79337]
	Ordinal0 [0x0055AD5C+1813852]
	GetHandleVerifier [0x0077C616+1075574]
	GetHandleVerifier [0x0077C367+1074887]
	GetHandleVerifier [0x00787497+1120247]
	GetHandleVerifier [0x0077CC16+1077110]
	Ordinal0 [0x00553206+1782278]
	Ordinal0 [0x0055C3BB+1819579]
	Ordinal0 [0x0055C523+1819939]
	Ordinal0 [0x00572B45+1911621]
	BaseThreadInitThunk [0x75EAF989+25]
	RtlGetAppContainerNamedObjectPath [0x777874A4+228]
	RtlGetAppContainerNamedObjectPath [0x77787474+180]

	at sun.reflect.NativeConstructorAccessorImpl.newInstance0(Native Method)
	at sun.reflect.NativeConstructorAccessorImpl.newInstance(Unknown Source)
	at sun.reflect.DelegatingConstructorAccessorImpl.newInstance(Unknown Source)
	at java.lang.reflect.Constructor.newInstance(Unknown Source)
	at org.openqa.selenium.remote.W3CHandshakeResponse.lambda$errorHandler$0(W3CHandshakeResponse.java:62)
	at org.openqa.selenium.remote.HandshakeResponse.lambda$getResponseFunction$0(HandshakeResponse.java:30)
	at org.openqa.selenium.remote.ProtocolHandshake.lambda$createSession$0(ProtocolHandshake.java:126)
	at java.util.stream.ReferencePipeline$3$1.accept(Unknown Source)
	at java.util.Spliterators$ArraySpliterator.tryAdvance(Unknown Source)
	at java.util.stream.ReferencePipeline.forEachWithCancel(Unknown Source)
	at java.util.stream.AbstractPipeline.copyIntoWithCancel(Unknown Source)
	at java.util.stream.AbstractPipeline.copyInto(Unknown Source)
	at java.util.stream.AbstractPipeline.wrapAndCopyInto(Unknown Source)
	at java.util.stream.FindOps$FindOp.evaluateSequential(Unknown Source)
	at java.util.stream.AbstractPipeline.evaluate(Unknown Source)
	at java.util.stream.ReferencePipeline.findFirst(Unknown Source)
	at org.openqa.selenium.remote.ProtocolHandshake.createSession(ProtocolHandshake.java:128)
	at org.openqa.selenium.remote.ProtocolHandshake.createSession(ProtocolHandshake.java:74)
	at org.openqa.selenium.remote.HttpCommandExecutor.execute(HttpCommandExecutor.java:136)
	at org.openqa.selenium.remote.service.DriverCommandExecutor.execute(DriverCommandExecutor.java:83)
	at org.openqa.selenium.remote.RemoteWebDriver.execute(RemoteWebDriver.java:552)
	at org.openqa.selenium.remote.RemoteWebDriver.startSession(RemoteWebDriver.java:213)
	at org.openqa.selenium.remote.RemoteWebDriver.&lt;init&gt;(RemoteWebDriver.java:131)
	at org.openqa.selenium.chrome.ChromeDriver.&lt;init&gt;(ChromeDriver.java:181)
	at org.openqa.selenium.chrome.ChromeDriver.&lt;init&gt;(ChromeDriver.java:168)
	at org.openqa.selenium.chrome.ChromeDriver.&lt;init&gt;(ChromeDriver.java:157)
	at com.qa.hubspot.base.BasePage.init_driver(BasePage.java:56)
	at com.qa.hubspot.base.BaseTest.setUp(BaseTest.java:26)
	at sun.reflect.NativeMethodAccessorImpl.invoke0(Native Method)
	at sun.reflect.NativeMethodAccessorImpl.invoke(Unknown Source)
	at sun.reflect.DelegatingMethodAccessorImpl.invoke(Unknown Source)
	at java.lang.reflect.Method.invoke(Unknown Source)
	at org.testng.internal.MethodInvocationHelper.invokeMethod(MethodInvocationHelper.java:124)
	at org.testng.internal.MethodInvocationHelper.invokeMethodConsideringTimeout(MethodInvocationHelper.java:59)
	at org.testng.internal.Invoker.invokeConfigurationMethod(Invoker.java:458)
	at org.testng.internal.Invoker.invokeConfigurations(Invoker.java:222)
	at org.testng.internal.Invoker.invokeConfigurations(Invoker.java:142)
	at org.testng.TestRunner.beforeRun(TestRunner.java:529)
	at org.testng.TestRunner.run(TestRunner.java:497)
	at org.testng.SuiteRunner.runTest(SuiteRunner.java:455)
	at org.testng.SuiteRunner.runSequentially(SuiteRunner.java:450)
	at org.testng.SuiteRunner.privateRun(SuiteRunner.java:415)
	at org.testng.SuiteRunner.run(SuiteRunner.java:364)
	at org.testng.SuiteRunnerWorker.runSuite(SuiteRunnerWorker.java:52)
	at org.testng.SuiteRunnerWorker.run(SuiteRunnerWorker.java:84)
	at org.testng.TestNG.runSuitesSequentially(TestNG.java:1208)
	at org.testng.TestNG.runSuitesLocally(TestNG.java:1137)
	at org.testng.TestNG.runSuites(TestNG.java:1049)
	at org.testng.TestNG.run(TestNG.java:1017)
	at org.testng.remote.AbstractRemoteTestNG.run(AbstractRemoteTestNG.java:115)
	at org.testng.remote.RemoteTestNG.initAndRun(RemoteTestNG.java:251)
	at org.testng.remote.RemoteTestNG.main(RemoteTestNG.java:77)
</pre></div></td>
<td>9</td>
<td>com.qa.hubspot.tests.LoginPageTest@38d5b107</td></tr>
</table><p>
<table width='100%' border='1' class='invocation-skipped'>
<tr><td colspan='4' align='center'><b>SKIPPED CONFIGURATIONS</b></td></tr>
<tr><td><b>Test method</b></td>
<td width="30%"><b>Exception</b></td>
<td width="10%"><b>Time (seconds)</b></td>
<td><b>Instance</b></td>
</tr>
<tr>
<td title='com.qa.hubspot.tests.LoginPageTest.tearDown()'><b>tearDown</b><br>Test class: com.qa.hubspot.tests.LoginPageTest</td>
<td></td>
<td>0</td>
<td>com.qa.hubspot.tests.LoginPageTest@38d5b107</td></tr>
</table><p>
<table width='100%' border='1' class='invocation-skipped'>
<tr><td colspan='4' align='center'><b>SKIPPED TESTS</b></td></tr>
<tr><td><b>Test method</b></td>
<td width="30%"><b>Exception</b></td>
<td width="10%"><b>Time (seconds)</b></td>
<td><b>Instance</b></td>
</tr>
<tr>
<td title='com.qa.hubspot.tests.LoginPageTest.loginTest()'><b>loginTest</b><br>Test class: com.qa.hubspot.tests.LoginPageTest</td>
<td><div><pre>org.openqa.selenium.SessionNotCreatedException: session not created
from disconnected: received Inspector.detached event
  (Session info: chrome=84.0.4147.89)
Build info: version: &apos;3.141.59&apos;, revision: &apos;e82be7d358&apos;, time: &apos;2018-11-14T08:17:03&apos;
System info: host: &apos;DESKTOP-0J47P2G&apos;, ip: &apos;192.168.56.1&apos;, os.name: &apos;Windows 10&apos;, os.arch: &apos;amd64&apos;, os.version: &apos;10.0&apos;, java.version: &apos;1.8.0_251&apos;
Driver info: driver.version: ChromeDriver
remote stacktrace: Backtrace:
	Ordinal0 [0x006587E3+2852835]
	Ordinal0 [0x00545BB1+1727409]
	Ordinal0 [0x0041E4B9+517305]
	Ordinal0 [0x00416959+485721]
	Ordinal0 [0x0041656C+484716]
	Ordinal0 [0x00415E98+482968]
	Ordinal0 [0x004152D1+479953]
	Ordinal0 [0x00415515+480533]
	Ordinal0 [0x00414F45+479045]
	Ordinal0 [0x0041D225+512549]
	Ordinal0 [0x00414F02+478978]
	Ordinal0 [0x00415B19+482073]
	Ordinal0 [0x004152D1+479953]
	Ordinal0 [0x00415515+480533]
	Ordinal0 [0x00414F45+479045]
	Ordinal0 [0x0041BA6E+506478]
	Ordinal0 [0x00414F02+478978]
	Ordinal0 [0x00415B19+482073]
	Ordinal0 [0x004152D1+479953]
	Ordinal0 [0x00415515+480533]
	Ordinal0 [0x00414F45+479045]
	Ordinal0 [0x00419FC6+499654]
	Ordinal0 [0x00414F02+478978]
	Ordinal0 [0x00415B19+482073]
	Ordinal0 [0x004152D1+479953]
	Ordinal0 [0x00415515+480533]
	Ordinal0 [0x00414F45+479045]
	Ordinal0 [0x00419587+497031]
	Ordinal0 [0x00414F02+478978]
	Ordinal0 [0x00415B19+482073]
	Ordinal0 [0x004152D1+479953]
	Ordinal0 [0x00415515+480533]
	Ordinal0 [0x00414F45+479045]
	Ordinal0 [0x004116BC+464572]
	Ordinal0 [0x00414F02+478978]
	Ordinal0 [0x00414E57+478807]
	Ordinal0 [0x0041F300+520960]
	Ordinal0 [0x003CE489+189577]
	Ordinal0 [0x003CD7FD+186365]
	Ordinal0 [0x003CB70B+177931]
	Ordinal0 [0x003B2584+75140]
	Ordinal0 [0x003B3650+79440]
	Ordinal0 [0x003B35E9+79337]
	Ordinal0 [0x0055AD5C+1813852]
	GetHandleVerifier [0x0077C616+1075574]
	GetHandleVerifier [0x0077C367+1074887]
	GetHandleVerifier [0x00787497+1120247]
	GetHandleVerifier [0x0077CC16+1077110]
	Ordinal0 [0x00553206+1782278]
	Ordinal0 [0x0055C3BB+1819579]
	Ordinal0 [0x0055C523+1819939]
	Ordinal0 [0x00572B45+1911621]
	BaseThreadInitThunk [0x75EAF989+25]
	RtlGetAppContainerNamedObjectPath [0x777874A4+228]
	RtlGetAppContainerNamedObjectPath [0x77787474+180]

	at org.openqa.selenium.remote.W3CHandshakeResponse.lambda$errorHandler$0(W3CHandshakeResponse.java:62)
	at org.openqa.selenium.remote.HandshakeResponse.lambda$getResponseFunction$0(HandshakeResponse.java:30)
	at org.openqa.selenium.remote.ProtocolHandshake.lambda$createSession$0(ProtocolHandshake.java:126)
	at java.util.stream.ReferencePipeline$3$1.accept(Unknown Source)
	at java.util.Spliterators$ArraySpliterator.tryAdvance(Unknown Source)
	at java.util.stream.ReferencePipeline.forEachWithCancel(Unknown Source)
	at java.util.stream.AbstractPipeline.copyIntoWithCancel(Unknown Source)
	at java.util.stream.AbstractPipeline.copyInto(Unknown Source)
	at java.util.stream.AbstractPipeline.wrapAndCopyInto(Unknown Source)
	at java.util.stream.FindOps$FindOp.evaluateSequential(Unknown Source)
	at java.util.stream.AbstractPipeline.evaluate(Unknown Source)
	at java.util.stream.ReferencePipeline.findFirst(Unknown Source)
	at org.openqa.selenium.remote.ProtocolHandshake.createSession(ProtocolHandshake.java:128)
	at org.openqa.selenium.remote.ProtocolHandshake.createSession(ProtocolHandshake.java:74)
	at org.openqa.selenium.remote.HttpCommandExecutor.execute(HttpCommandExecutor.java:136)
	at org.openqa.selenium.remote.service.DriverCommandExecutor.execute(DriverCommandExecutor.java:83)
	at org.openqa.selenium.remote.RemoteWebDriver.execute(RemoteWebDriver.java:552)
	at org.openqa.selenium.remote.RemoteWebDriver.startSession(RemoteWebDriver.java:213)
	at org.openqa.selenium.remote.RemoteWebDriver.&lt;init&gt;(RemoteWebDriver.java:131)
	at org.openqa.selenium.chrome.ChromeDriver.&lt;init&gt;(ChromeDriver.java:181)
	at org.openqa.selenium.chrome.ChromeDriver.&lt;init&gt;(ChromeDriver.java:168)
	at org.openqa.selenium.chrome.ChromeDriver.&lt;init&gt;(ChromeDriver.java:157)
	at com.qa.hubspot.base.BasePage.init_driver(BasePage.java:56)
	at com.qa.hubspot.base.BaseTest.setUp(BaseTest.java:26)
... Removed 28 stack frames</pre></div><a href='#' onClick='toggleBox("stack-trace1792110618", this, "Click to show all stack frames", "Click to hide stack frames")'>Click to show all stack frames</a>
<div class='stack-trace' id='stack-trace1792110618'><pre>org.openqa.selenium.SessionNotCreatedException: session not created
from disconnected: received Inspector.detached event
  (Session info: chrome=84.0.4147.89)
Build info: version: &apos;3.141.59&apos;, revision: &apos;e82be7d358&apos;, time: &apos;2018-11-14T08:17:03&apos;
System info: host: &apos;DESKTOP-0J47P2G&apos;, ip: &apos;192.168.56.1&apos;, os.name: &apos;Windows 10&apos;, os.arch: &apos;amd64&apos;, os.version: &apos;10.0&apos;, java.version: &apos;1.8.0_251&apos;
Driver info: driver.version: ChromeDriver
remote stacktrace: Backtrace:
	Ordinal0 [0x006587E3+2852835]
	Ordinal0 [0x00545BB1+1727409]
	Ordinal0 [0x0041E4B9+517305]
	Ordinal0 [0x00416959+485721]
	Ordinal0 [0x0041656C+484716]
	Ordinal0 [0x00415E98+482968]
	Ordinal0 [0x004152D1+479953]
	Ordinal0 [0x00415515+480533]
	Ordinal0 [0x00414F45+479045]
	Ordinal0 [0x0041D225+512549]
	Ordinal0 [0x00414F02+478978]
	Ordinal0 [0x00415B19+482073]
	Ordinal0 [0x004152D1+479953]
	Ordinal0 [0x00415515+480533]
	Ordinal0 [0x00414F45+479045]
	Ordinal0 [0x0041BA6E+506478]
	Ordinal0 [0x00414F02+478978]
	Ordinal0 [0x00415B19+482073]
	Ordinal0 [0x004152D1+479953]
	Ordinal0 [0x00415515+480533]
	Ordinal0 [0x00414F45+479045]
	Ordinal0 [0x00419FC6+499654]
	Ordinal0 [0x00414F02+478978]
	Ordinal0 [0x00415B19+482073]
	Ordinal0 [0x004152D1+479953]
	Ordinal0 [0x00415515+480533]
	Ordinal0 [0x00414F45+479045]
	Ordinal0 [0x00419587+497031]
	Ordinal0 [0x00414F02+478978]
	Ordinal0 [0x00415B19+482073]
	Ordinal0 [0x004152D1+479953]
	Ordinal0 [0x00415515+480533]
	Ordinal0 [0x00414F45+479045]
	Ordinal0 [0x004116BC+464572]
	Ordinal0 [0x00414F02+478978]
	Ordinal0 [0x00414E57+478807]
	Ordinal0 [0x0041F300+520960]
	Ordinal0 [0x003CE489+189577]
	Ordinal0 [0x003CD7FD+186365]
	Ordinal0 [0x003CB70B+177931]
	Ordinal0 [0x003B2584+75140]
	Ordinal0 [0x003B3650+79440]
	Ordinal0 [0x003B35E9+79337]
	Ordinal0 [0x0055AD5C+1813852]
	GetHandleVerifier [0x0077C616+1075574]
	GetHandleVerifier [0x0077C367+1074887]
	GetHandleVerifier [0x00787497+1120247]
	GetHandleVerifier [0x0077CC16+1077110]
	Ordinal0 [0x00553206+1782278]
	Ordinal0 [0x0055C3BB+1819579]
	Ordinal0 [0x0055C523+1819939]
	Ordinal0 [0x00572B45+1911621]
	BaseThreadInitThunk [0x75EAF989+25]
	RtlGetAppContainerNamedObjectPath [0x777874A4+228]
	RtlGetAppContainerNamedObjectPath [0x77787474+180]

	at sun.reflect.NativeConstructorAccessorImpl.newInstance0(Native Method)
	at sun.reflect.NativeConstructorAccessorImpl.newInstance(Unknown Source)
	at sun.reflect.DelegatingConstructorAccessorImpl.newInstance(Unknown Source)
	at java.lang.reflect.Constructor.newInstance(Unknown Source)
	at org.openqa.selenium.remote.W3CHandshakeResponse.lambda$errorHandler$0(W3CHandshakeResponse.java:62)
	at org.openqa.selenium.remote.HandshakeResponse.lambda$getResponseFunction$0(HandshakeResponse.java:30)
	at org.openqa.selenium.remote.ProtocolHandshake.lambda$createSession$0(ProtocolHandshake.java:126)
	at java.util.stream.ReferencePipeline$3$1.accept(Unknown Source)
	at java.util.Spliterators$ArraySpliterator.tryAdvance(Unknown Source)
	at java.util.stream.ReferencePipeline.forEachWithCancel(Unknown Source)
	at java.util.stream.AbstractPipeline.copyIntoWithCancel(Unknown Source)
	at java.util.stream.AbstractPipeline.copyInto(Unknown Source)
	at java.util.stream.AbstractPipeline.wrapAndCopyInto(Unknown Source)
	at java.util.stream.FindOps$FindOp.evaluateSequential(Unknown Source)
	at java.util.stream.AbstractPipeline.evaluate(Unknown Source)
	at java.util.stream.ReferencePipeline.findFirst(Unknown Source)
	at org.openqa.selenium.remote.ProtocolHandshake.createSession(ProtocolHandshake.java:128)
	at org.openqa.selenium.remote.ProtocolHandshake.createSession(ProtocolHandshake.java:74)
	at org.openqa.selenium.remote.HttpCommandExecutor.execute(HttpCommandExecutor.java:136)
	at org.openqa.selenium.remote.service.DriverCommandExecutor.execute(DriverCommandExecutor.java:83)
	at org.openqa.selenium.remote.RemoteWebDriver.execute(RemoteWebDriver.java:552)
	at org.openqa.selenium.remote.RemoteWebDriver.startSession(RemoteWebDriver.java:213)
	at org.openqa.selenium.remote.RemoteWebDriver.&lt;init&gt;(RemoteWebDriver.java:131)
	at org.openqa.selenium.chrome.ChromeDriver.&lt;init&gt;(ChromeDriver.java:181)
	at org.openqa.selenium.chrome.ChromeDriver.&lt;init&gt;(ChromeDriver.java:168)
	at org.openqa.selenium.chrome.ChromeDriver.&lt;init&gt;(ChromeDriver.java:157)
	at com.qa.hubspot.base.BasePage.init_driver(BasePage.java:56)
	at com.qa.hubspot.base.BaseTest.setUp(BaseTest.java:26)
	at sun.reflect.NativeMethodAccessorImpl.invoke0(Native Method)
	at sun.reflect.NativeMethodAccessorImpl.invoke(Unknown Source)
	at sun.reflect.DelegatingMethodAccessorImpl.invoke(Unknown Source)
	at java.lang.reflect.Method.invoke(Unknown Source)
	at org.testng.internal.MethodInvocationHelper.invokeMethod(MethodInvocationHelper.java:124)
	at org.testng.internal.MethodInvocationHelper.invokeMethodConsideringTimeout(MethodInvocationHelper.java:59)
	at org.testng.internal.Invoker.invokeConfigurationMethod(Invoker.java:458)
	at org.testng.internal.Invoker.invokeConfigurations(Invoker.java:222)
	at org.testng.internal.Invoker.invokeConfigurations(Invoker.java:142)
	at org.testng.TestRunner.beforeRun(TestRunner.java:529)
	at org.testng.TestRunner.run(TestRunner.java:497)
	at org.testng.SuiteRunner.runTest(SuiteRunner.java:455)
	at org.testng.SuiteRunner.runSequentially(SuiteRunner.java:450)
	at org.testng.SuiteRunner.privateRun(SuiteRunner.java:415)
	at org.testng.SuiteRunner.run(SuiteRunner.java:364)
	at org.testng.SuiteRunnerWorker.runSuite(SuiteRunnerWorker.java:52)
	at org.testng.SuiteRunnerWorker.run(SuiteRunnerWorker.java:84)
	at org.testng.TestNG.runSuitesSequentially(TestNG.java:1208)
	at org.testng.TestNG.runSuitesLocally(TestNG.java:1137)
	at org.testng.TestNG.runSuites(TestNG.java:1049)
	at org.testng.TestNG.run(TestNG.java:1017)
	at org.testng.remote.AbstractRemoteTestNG.run(AbstractRemoteTestNG.java:115)
	at org.testng.remote.RemoteTestNG.initAndRun(RemoteTestNG.java:251)
	at org.testng.remote.RemoteTestNG.main(RemoteTestNG.java:77)
</pre></div></td>
<td>0</td>
<td>com.qa.hubspot.tests.LoginPageTest@38d5b107</td></tr>
<tr>
<td title='com.qa.hubspot.tests.LoginPageTest.verifyLoginPageTitleTest()'><b>verifyLoginPageTitleTest</b><br>Test class: com.qa.hubspot.tests.LoginPageTest</td>
<td><div><pre>org.openqa.selenium.SessionNotCreatedException: session not created
from disconnected: received Inspector.detached event
  (Session info: chrome=84.0.4147.89)
Build info: version: &apos;3.141.59&apos;, revision: &apos;e82be7d358&apos;, time: &apos;2018-11-14T08:17:03&apos;
System info: host: &apos;DESKTOP-0J47P2G&apos;, ip: &apos;192.168.56.1&apos;, os.name: &apos;Windows 10&apos;, os.arch: &apos;amd64&apos;, os.version: &apos;10.0&apos;, java.version: &apos;1.8.0_251&apos;
Driver info: driver.version: ChromeDriver
remote stacktrace: Backtrace:
	Ordinal0 [0x006587E3+2852835]
	Ordinal0 [0x00545BB1+1727409]
	Ordinal0 [0x0041E4B9+517305]
	Ordinal0 [0x00416959+485721]
	Ordinal0 [0x0041656C+484716]
	Ordinal0 [0x00415E98+482968]
	Ordinal0 [0x004152D1+479953]
	Ordinal0 [0x00415515+480533]
	Ordinal0 [0x00414F45+479045]
	Ordinal0 [0x0041D225+512549]
	Ordinal0 [0x00414F02+478978]
	Ordinal0 [0x00415B19+482073]
	Ordinal0 [0x004152D1+479953]
	Ordinal0 [0x00415515+480533]
	Ordinal0 [0x00414F45+479045]
	Ordinal0 [0x0041BA6E+506478]
	Ordinal0 [0x00414F02+478978]
	Ordinal0 [0x00415B19+482073]
	Ordinal0 [0x004152D1+479953]
	Ordinal0 [0x00415515+480533]
	Ordinal0 [0x00414F45+479045]
	Ordinal0 [0x00419FC6+499654]
	Ordinal0 [0x00414F02+478978]
	Ordinal0 [0x00415B19+482073]
	Ordinal0 [0x004152D1+479953]
	Ordinal0 [0x00415515+480533]
	Ordinal0 [0x00414F45+479045]
	Ordinal0 [0x00419587+497031]
	Ordinal0 [0x00414F02+478978]
	Ordinal0 [0x00415B19+482073]
	Ordinal0 [0x004152D1+479953]
	Ordinal0 [0x00415515+480533]
	Ordinal0 [0x00414F45+479045]
	Ordinal0 [0x004116BC+464572]
	Ordinal0 [0x00414F02+478978]
	Ordinal0 [0x00414E57+478807]
	Ordinal0 [0x0041F300+520960]
	Ordinal0 [0x003CE489+189577]
	Ordinal0 [0x003CD7FD+186365]
	Ordinal0 [0x003CB70B+177931]
	Ordinal0 [0x003B2584+75140]
	Ordinal0 [0x003B3650+79440]
	Ordinal0 [0x003B35E9+79337]
	Ordinal0 [0x0055AD5C+1813852]
	GetHandleVerifier [0x0077C616+1075574]
	GetHandleVerifier [0x0077C367+1074887]
	GetHandleVerifier [0x00787497+1120247]
	GetHandleVerifier [0x0077CC16+1077110]
	Ordinal0 [0x00553206+1782278]
	Ordinal0 [0x0055C3BB+1819579]
	Ordinal0 [0x0055C523+1819939]
	Ordinal0 [0x00572B45+1911621]
	BaseThreadInitThunk [0x75EAF989+25]
	RtlGetAppContainerNamedObjectPath [0x777874A4+228]
	RtlGetAppContainerNamedObjectPath [0x77787474+180]

	at org.openqa.selenium.remote.W3CHandshakeResponse.lambda$errorHandler$0(W3CHandshakeResponse.java:62)
	at org.openqa.selenium.remote.HandshakeResponse.lambda$getResponseFunction$0(HandshakeResponse.java:30)
	at org.openqa.selenium.remote.ProtocolHandshake.lambda$createSession$0(ProtocolHandshake.java:126)
	at java.util.stream.ReferencePipeline$3$1.accept(Unknown Source)
	at java.util.Spliterators$ArraySpliterator.tryAdvance(Unknown Source)
	at java.util.stream.ReferencePipeline.forEachWithCancel(Unknown Source)
	at java.util.stream.AbstractPipeline.copyIntoWithCancel(Unknown Source)
	at java.util.stream.AbstractPipeline.copyInto(Unknown Source)
	at java.util.stream.AbstractPipeline.wrapAndCopyInto(Unknown Source)
	at java.util.stream.FindOps$FindOp.evaluateSequential(Unknown Source)
	at java.util.stream.AbstractPipeline.evaluate(Unknown Source)
	at java.util.stream.ReferencePipeline.findFirst(Unknown Source)
	at org.openqa.selenium.remote.ProtocolHandshake.createSession(ProtocolHandshake.java:128)
	at org.openqa.selenium.remote.ProtocolHandshake.createSession(ProtocolHandshake.java:74)
	at org.openqa.selenium.remote.HttpCommandExecutor.execute(HttpCommandExecutor.java:136)
	at org.openqa.selenium.remote.service.DriverCommandExecutor.execute(DriverCommandExecutor.java:83)
	at org.openqa.selenium.remote.RemoteWebDriver.execute(RemoteWebDriver.java:552)
	at org.openqa.selenium.remote.RemoteWebDriver.startSession(RemoteWebDriver.java:213)
	at org.openqa.selenium.remote.RemoteWebDriver.&lt;init&gt;(RemoteWebDriver.java:131)
	at org.openqa.selenium.chrome.ChromeDriver.&lt;init&gt;(ChromeDriver.java:181)
	at org.openqa.selenium.chrome.ChromeDriver.&lt;init&gt;(ChromeDriver.java:168)
	at org.openqa.selenium.chrome.ChromeDriver.&lt;init&gt;(ChromeDriver.java:157)
	at com.qa.hubspot.base.BasePage.init_driver(BasePage.java:56)
	at com.qa.hubspot.base.BaseTest.setUp(BaseTest.java:26)
... Removed 28 stack frames</pre></div><a href='#' onClick='toggleBox("stack-trace1835713430", this, "Click to show all stack frames", "Click to hide stack frames")'>Click to show all stack frames</a>
<div class='stack-trace' id='stack-trace1835713430'><pre>org.openqa.selenium.SessionNotCreatedException: session not created
from disconnected: received Inspector.detached event
  (Session info: chrome=84.0.4147.89)
Build info: version: &apos;3.141.59&apos;, revision: &apos;e82be7d358&apos;, time: &apos;2018-11-14T08:17:03&apos;
System info: host: &apos;DESKTOP-0J47P2G&apos;, ip: &apos;192.168.56.1&apos;, os.name: &apos;Windows 10&apos;, os.arch: &apos;amd64&apos;, os.version: &apos;10.0&apos;, java.version: &apos;1.8.0_251&apos;
Driver info: driver.version: ChromeDriver
remote stacktrace: Backtrace:
	Ordinal0 [0x006587E3+2852835]
	Ordinal0 [0x00545BB1+1727409]
	Ordinal0 [0x0041E4B9+517305]
	Ordinal0 [0x00416959+485721]
	Ordinal0 [0x0041656C+484716]
	Ordinal0 [0x00415E98+482968]
	Ordinal0 [0x004152D1+479953]
	Ordinal0 [0x00415515+480533]
	Ordinal0 [0x00414F45+479045]
	Ordinal0 [0x0041D225+512549]
	Ordinal0 [0x00414F02+478978]
	Ordinal0 [0x00415B19+482073]
	Ordinal0 [0x004152D1+479953]
	Ordinal0 [0x00415515+480533]
	Ordinal0 [0x00414F45+479045]
	Ordinal0 [0x0041BA6E+506478]
	Ordinal0 [0x00414F02+478978]
	Ordinal0 [0x00415B19+482073]
	Ordinal0 [0x004152D1+479953]
	Ordinal0 [0x00415515+480533]
	Ordinal0 [0x00414F45+479045]
	Ordinal0 [0x00419FC6+499654]
	Ordinal0 [0x00414F02+478978]
	Ordinal0 [0x00415B19+482073]
	Ordinal0 [0x004152D1+479953]
	Ordinal0 [0x00415515+480533]
	Ordinal0 [0x00414F45+479045]
	Ordinal0 [0x00419587+497031]
	Ordinal0 [0x00414F02+478978]
	Ordinal0 [0x00415B19+482073]
	Ordinal0 [0x004152D1+479953]
	Ordinal0 [0x00415515+480533]
	Ordinal0 [0x00414F45+479045]
	Ordinal0 [0x004116BC+464572]
	Ordinal0 [0x00414F02+478978]
	Ordinal0 [0x00414E57+478807]
	Ordinal0 [0x0041F300+520960]
	Ordinal0 [0x003CE489+189577]
	Ordinal0 [0x003CD7FD+186365]
	Ordinal0 [0x003CB70B+177931]
	Ordinal0 [0x003B2584+75140]
	Ordinal0 [0x003B3650+79440]
	Ordinal0 [0x003B35E9+79337]
	Ordinal0 [0x0055AD5C+1813852]
	GetHandleVerifier [0x0077C616+1075574]
	GetHandleVerifier [0x0077C367+1074887]
	GetHandleVerifier [0x00787497+1120247]
	GetHandleVerifier [0x0077CC16+1077110]
	Ordinal0 [0x00553206+1782278]
	Ordinal0 [0x0055C3BB+1819579]
	Ordinal0 [0x0055C523+1819939]
	Ordinal0 [0x00572B45+1911621]
	BaseThreadInitThunk [0x75EAF989+25]
	RtlGetAppContainerNamedObjectPath [0x777874A4+228]
	RtlGetAppContainerNamedObjectPath [0x77787474+180]

	at sun.reflect.NativeConstructorAccessorImpl.newInstance0(Native Method)
	at sun.reflect.NativeConstructorAccessorImpl.newInstance(Unknown Source)
	at sun.reflect.DelegatingConstructorAccessorImpl.newInstance(Unknown Source)
	at java.lang.reflect.Constructor.newInstance(Unknown Source)
	at org.openqa.selenium.remote.W3CHandshakeResponse.lambda$errorHandler$0(W3CHandshakeResponse.java:62)
	at org.openqa.selenium.remote.HandshakeResponse.lambda$getResponseFunction$0(HandshakeResponse.java:30)
	at org.openqa.selenium.remote.ProtocolHandshake.lambda$createSession$0(ProtocolHandshake.java:126)
	at java.util.stream.ReferencePipeline$3$1.accept(Unknown Source)
	at java.util.Spliterators$ArraySpliterator.tryAdvance(Unknown Source)
	at java.util.stream.ReferencePipeline.forEachWithCancel(Unknown Source)
	at java.util.stream.AbstractPipeline.copyIntoWithCancel(Unknown Source)
	at java.util.stream.AbstractPipeline.copyInto(Unknown Source)
	at java.util.stream.AbstractPipeline.wrapAndCopyInto(Unknown Source)
	at java.util.stream.FindOps$FindOp.evaluateSequential(Unknown Source)
	at java.util.stream.AbstractPipeline.evaluate(Unknown Source)
	at java.util.stream.ReferencePipeline.findFirst(Unknown Source)
	at org.openqa.selenium.remote.ProtocolHandshake.createSession(ProtocolHandshake.java:128)
	at org.openqa.selenium.remote.ProtocolHandshake.createSession(ProtocolHandshake.java:74)
	at org.openqa.selenium.remote.HttpCommandExecutor.execute(HttpCommandExecutor.java:136)
	at org.openqa.selenium.remote.service.DriverCommandExecutor.execute(DriverCommandExecutor.java:83)
	at org.openqa.selenium.remote.RemoteWebDriver.execute(RemoteWebDriver.java:552)
	at org.openqa.selenium.remote.RemoteWebDriver.startSession(RemoteWebDriver.java:213)
	at org.openqa.selenium.remote.RemoteWebDriver.&lt;init&gt;(RemoteWebDriver.java:131)
	at org.openqa.selenium.chrome.ChromeDriver.&lt;init&gt;(ChromeDriver.java:181)
	at org.openqa.selenium.chrome.ChromeDriver.&lt;init&gt;(ChromeDriver.java:168)
	at org.openqa.selenium.chrome.ChromeDriver.&lt;init&gt;(ChromeDriver.java:157)
	at com.qa.hubspot.base.BasePage.init_driver(BasePage.java:56)
	at com.qa.hubspot.base.BaseTest.setUp(BaseTest.java:26)
	at sun.reflect.NativeMethodAccessorImpl.invoke0(Native Method)
	at sun.reflect.NativeMethodAccessorImpl.invoke(Unknown Source)
	at sun.reflect.DelegatingMethodAccessorImpl.invoke(Unknown Source)
	at java.lang.reflect.Method.invoke(Unknown Source)
	at org.testng.internal.MethodInvocationHelper.invokeMethod(MethodInvocationHelper.java:124)
	at org.testng.internal.MethodInvocationHelper.invokeMethodConsideringTimeout(MethodInvocationHelper.java:59)
	at org.testng.internal.Invoker.invokeConfigurationMethod(Invoker.java:458)
	at org.testng.internal.Invoker.invokeConfigurations(Invoker.java:222)
	at org.testng.internal.Invoker.invokeConfigurations(Invoker.java:142)
	at org.testng.TestRunner.beforeRun(TestRunner.java:529)
	at org.testng.TestRunner.run(TestRunner.java:497)
	at org.testng.SuiteRunner.runTest(SuiteRunner.java:455)
	at org.testng.SuiteRunner.runSequentially(SuiteRunner.java:450)
	at org.testng.SuiteRunner.privateRun(SuiteRunner.java:415)
	at org.testng.SuiteRunner.run(SuiteRunner.java:364)
	at org.testng.SuiteRunnerWorker.runSuite(SuiteRunnerWorker.java:52)
	at org.testng.SuiteRunnerWorker.run(SuiteRunnerWorker.java:84)
	at org.testng.TestNG.runSuitesSequentially(TestNG.java:1208)
	at org.testng.TestNG.runSuitesLocally(TestNG.java:1137)
	at org.testng.TestNG.runSuites(TestNG.java:1049)
	at org.testng.TestNG.run(TestNG.java:1017)
	at org.testng.remote.AbstractRemoteTestNG.run(AbstractRemoteTestNG.java:115)
	at org.testng.remote.RemoteTestNG.initAndRun(RemoteTestNG.java:251)
	at org.testng.remote.RemoteTestNG.main(RemoteTestNG.java:77)
</pre></div></td>
<td>0</td>
<td>com.qa.hubspot.tests.LoginPageTest@38d5b107</td></tr>
<tr>
<td title='com.qa.hubspot.tests.LoginPageTest.verifySignUpLinkTest()'><b>verifySignUpLinkTest</b><br>Test class: com.qa.hubspot.tests.LoginPageTest</td>
<td><div><pre>org.openqa.selenium.SessionNotCreatedException: session not created
from disconnected: received Inspector.detached event
  (Session info: chrome=84.0.4147.89)
Build info: version: &apos;3.141.59&apos;, revision: &apos;e82be7d358&apos;, time: &apos;2018-11-14T08:17:03&apos;
System info: host: &apos;DESKTOP-0J47P2G&apos;, ip: &apos;192.168.56.1&apos;, os.name: &apos;Windows 10&apos;, os.arch: &apos;amd64&apos;, os.version: &apos;10.0&apos;, java.version: &apos;1.8.0_251&apos;
Driver info: driver.version: ChromeDriver
remote stacktrace: Backtrace:
	Ordinal0 [0x006587E3+2852835]
	Ordinal0 [0x00545BB1+1727409]
	Ordinal0 [0x0041E4B9+517305]
	Ordinal0 [0x00416959+485721]
	Ordinal0 [0x0041656C+484716]
	Ordinal0 [0x00415E98+482968]
	Ordinal0 [0x004152D1+479953]
	Ordinal0 [0x00415515+480533]
	Ordinal0 [0x00414F45+479045]
	Ordinal0 [0x0041D225+512549]
	Ordinal0 [0x00414F02+478978]
	Ordinal0 [0x00415B19+482073]
	Ordinal0 [0x004152D1+479953]
	Ordinal0 [0x00415515+480533]
	Ordinal0 [0x00414F45+479045]
	Ordinal0 [0x0041BA6E+506478]
	Ordinal0 [0x00414F02+478978]
	Ordinal0 [0x00415B19+482073]
	Ordinal0 [0x004152D1+479953]
	Ordinal0 [0x00415515+480533]
	Ordinal0 [0x00414F45+479045]
	Ordinal0 [0x00419FC6+499654]
	Ordinal0 [0x00414F02+478978]
	Ordinal0 [0x00415B19+482073]
	Ordinal0 [0x004152D1+479953]
	Ordinal0 [0x00415515+480533]
	Ordinal0 [0x00414F45+479045]
	Ordinal0 [0x00419587+497031]
	Ordinal0 [0x00414F02+478978]
	Ordinal0 [0x00415B19+482073]
	Ordinal0 [0x004152D1+479953]
	Ordinal0 [0x00415515+480533]
	Ordinal0 [0x00414F45+479045]
	Ordinal0 [0x004116BC+464572]
	Ordinal0 [0x00414F02+478978]
	Ordinal0 [0x00414E57+478807]
	Ordinal0 [0x0041F300+520960]
	Ordinal0 [0x003CE489+189577]
	Ordinal0 [0x003CD7FD+186365]
	Ordinal0 [0x003CB70B+177931]
	Ordinal0 [0x003B2584+75140]
	Ordinal0 [0x003B3650+79440]
	Ordinal0 [0x003B35E9+79337]
	Ordinal0 [0x0055AD5C+1813852]
	GetHandleVerifier [0x0077C616+1075574]
	GetHandleVerifier [0x0077C367+1074887]
	GetHandleVerifier [0x00787497+1120247]
	GetHandleVerifier [0x0077CC16+1077110]
	Ordinal0 [0x00553206+1782278]
	Ordinal0 [0x0055C3BB+1819579]
	Ordinal0 [0x0055C523+1819939]
	Ordinal0 [0x00572B45+1911621]
	BaseThreadInitThunk [0x75EAF989+25]
	RtlGetAppContainerNamedObjectPath [0x777874A4+228]
	RtlGetAppContainerNamedObjectPath [0x77787474+180]

	at org.openqa.selenium.remote.W3CHandshakeResponse.lambda$errorHandler$0(W3CHandshakeResponse.java:62)
	at org.openqa.selenium.remote.HandshakeResponse.lambda$getResponseFunction$0(HandshakeResponse.java:30)
	at org.openqa.selenium.remote.ProtocolHandshake.lambda$createSession$0(ProtocolHandshake.java:126)
	at java.util.stream.ReferencePipeline$3$1.accept(Unknown Source)
	at java.util.Spliterators$ArraySpliterator.tryAdvance(Unknown Source)
	at java.util.stream.ReferencePipeline.forEachWithCancel(Unknown Source)
	at java.util.stream.AbstractPipeline.copyIntoWithCancel(Unknown Source)
	at java.util.stream.AbstractPipeline.copyInto(Unknown Source)
	at java.util.stream.AbstractPipeline.wrapAndCopyInto(Unknown Source)
	at java.util.stream.FindOps$FindOp.evaluateSequential(Unknown Source)
	at java.util.stream.AbstractPipeline.evaluate(Unknown Source)
	at java.util.stream.ReferencePipeline.findFirst(Unknown Source)
	at org.openqa.selenium.remote.ProtocolHandshake.createSession(ProtocolHandshake.java:128)
	at org.openqa.selenium.remote.ProtocolHandshake.createSession(ProtocolHandshake.java:74)
	at org.openqa.selenium.remote.HttpCommandExecutor.execute(HttpCommandExecutor.java:136)
	at org.openqa.selenium.remote.service.DriverCommandExecutor.execute(DriverCommandExecutor.java:83)
	at org.openqa.selenium.remote.RemoteWebDriver.execute(RemoteWebDriver.java:552)
	at org.openqa.selenium.remote.RemoteWebDriver.startSession(RemoteWebDriver.java:213)
	at org.openqa.selenium.remote.RemoteWebDriver.&lt;init&gt;(RemoteWebDriver.java:131)
	at org.openqa.selenium.chrome.ChromeDriver.&lt;init&gt;(ChromeDriver.java:181)
	at org.openqa.selenium.chrome.ChromeDriver.&lt;init&gt;(ChromeDriver.java:168)
	at org.openqa.selenium.chrome.ChromeDriver.&lt;init&gt;(ChromeDriver.java:157)
	at com.qa.hubspot.base.BasePage.init_driver(BasePage.java:56)
	at com.qa.hubspot.base.BaseTest.setUp(BaseTest.java:26)
... Removed 28 stack frames</pre></div><a href='#' onClick='toggleBox("stack-trace1762260670", this, "Click to show all stack frames", "Click to hide stack frames")'>Click to show all stack frames</a>
<div class='stack-trace' id='stack-trace1762260670'><pre>org.openqa.selenium.SessionNotCreatedException: session not created
from disconnected: received Inspector.detached event
  (Session info: chrome=84.0.4147.89)
Build info: version: &apos;3.141.59&apos;, revision: &apos;e82be7d358&apos;, time: &apos;2018-11-14T08:17:03&apos;
System info: host: &apos;DESKTOP-0J47P2G&apos;, ip: &apos;192.168.56.1&apos;, os.name: &apos;Windows 10&apos;, os.arch: &apos;amd64&apos;, os.version: &apos;10.0&apos;, java.version: &apos;1.8.0_251&apos;
Driver info: driver.version: ChromeDriver
remote stacktrace: Backtrace:
	Ordinal0 [0x006587E3+2852835]
	Ordinal0 [0x00545BB1+1727409]
	Ordinal0 [0x0041E4B9+517305]
	Ordinal0 [0x00416959+485721]
	Ordinal0 [0x0041656C+484716]
	Ordinal0 [0x00415E98+482968]
	Ordinal0 [0x004152D1+479953]
	Ordinal0 [0x00415515+480533]
	Ordinal0 [0x00414F45+479045]
	Ordinal0 [0x0041D225+512549]
	Ordinal0 [0x00414F02+478978]
	Ordinal0 [0x00415B19+482073]
	Ordinal0 [0x004152D1+479953]
	Ordinal0 [0x00415515+480533]
	Ordinal0 [0x00414F45+479045]
	Ordinal0 [0x0041BA6E+506478]
	Ordinal0 [0x00414F02+478978]
	Ordinal0 [0x00415B19+482073]
	Ordinal0 [0x004152D1+479953]
	Ordinal0 [0x00415515+480533]
	Ordinal0 [0x00414F45+479045]
	Ordinal0 [0x00419FC6+499654]
	Ordinal0 [0x00414F02+478978]
	Ordinal0 [0x00415B19+482073]
	Ordinal0 [0x004152D1+479953]
	Ordinal0 [0x00415515+480533]
	Ordinal0 [0x00414F45+479045]
	Ordinal0 [0x00419587+497031]
	Ordinal0 [0x00414F02+478978]
	Ordinal0 [0x00415B19+482073]
	Ordinal0 [0x004152D1+479953]
	Ordinal0 [0x00415515+480533]
	Ordinal0 [0x00414F45+479045]
	Ordinal0 [0x004116BC+464572]
	Ordinal0 [0x00414F02+478978]
	Ordinal0 [0x00414E57+478807]
	Ordinal0 [0x0041F300+520960]
	Ordinal0 [0x003CE489+189577]
	Ordinal0 [0x003CD7FD+186365]
	Ordinal0 [0x003CB70B+177931]
	Ordinal0 [0x003B2584+75140]
	Ordinal0 [0x003B3650+79440]
	Ordinal0 [0x003B35E9+79337]
	Ordinal0 [0x0055AD5C+1813852]
	GetHandleVerifier [0x0077C616+1075574]
	GetHandleVerifier [0x0077C367+1074887]
	GetHandleVerifier [0x00787497+1120247]
	GetHandleVerifier [0x0077CC16+1077110]
	Ordinal0 [0x00553206+1782278]
	Ordinal0 [0x0055C3BB+1819579]
	Ordinal0 [0x0055C523+1819939]
	Ordinal0 [0x00572B45+1911621]
	BaseThreadInitThunk [0x75EAF989+25]
	RtlGetAppContainerNamedObjectPath [0x777874A4+228]
	RtlGetAppContainerNamedObjectPath [0x77787474+180]

	at sun.reflect.NativeConstructorAccessorImpl.newInstance0(Native Method)
	at sun.reflect.NativeConstructorAccessorImpl.newInstance(Unknown Source)
	at sun.reflect.DelegatingConstructorAccessorImpl.newInstance(Unknown Source)
	at java.lang.reflect.Constructor.newInstance(Unknown Source)
	at org.openqa.selenium.remote.W3CHandshakeResponse.lambda$errorHandler$0(W3CHandshakeResponse.java:62)
	at org.openqa.selenium.remote.HandshakeResponse.lambda$getResponseFunction$0(HandshakeResponse.java:30)
	at org.openqa.selenium.remote.ProtocolHandshake.lambda$createSession$0(ProtocolHandshake.java:126)
	at java.util.stream.ReferencePipeline$3$1.accept(Unknown Source)
	at java.util.Spliterators$ArraySpliterator.tryAdvance(Unknown Source)
	at java.util.stream.ReferencePipeline.forEachWithCancel(Unknown Source)
	at java.util.stream.AbstractPipeline.copyIntoWithCancel(Unknown Source)
	at java.util.stream.AbstractPipeline.copyInto(Unknown Source)
	at java.util.stream.AbstractPipeline.wrapAndCopyInto(Unknown Source)
	at java.util.stream.FindOps$FindOp.evaluateSequential(Unknown Source)
	at java.util.stream.AbstractPipeline.evaluate(Unknown Source)
	at java.util.stream.ReferencePipeline.findFirst(Unknown Source)
	at org.openqa.selenium.remote.ProtocolHandshake.createSession(ProtocolHandshake.java:128)
	at org.openqa.selenium.remote.ProtocolHandshake.createSession(ProtocolHandshake.java:74)
	at org.openqa.selenium.remote.HttpCommandExecutor.execute(HttpCommandExecutor.java:136)
	at org.openqa.selenium.remote.service.DriverCommandExecutor.execute(DriverCommandExecutor.java:83)
	at org.openqa.selenium.remote.RemoteWebDriver.execute(RemoteWebDriver.java:552)
	at org.openqa.selenium.remote.RemoteWebDriver.startSession(RemoteWebDriver.java:213)
	at org.openqa.selenium.remote.RemoteWebDriver.&lt;init&gt;(RemoteWebDriver.java:131)
	at org.openqa.selenium.chrome.ChromeDriver.&lt;init&gt;(ChromeDriver.java:181)
	at org.openqa.selenium.chrome.ChromeDriver.&lt;init&gt;(ChromeDriver.java:168)
	at org.openqa.selenium.chrome.ChromeDriver.&lt;init&gt;(ChromeDriver.java:157)
	at com.qa.hubspot.base.BasePage.init_driver(BasePage.java:56)
	at com.qa.hubspot.base.BaseTest.setUp(BaseTest.java:26)
	at sun.reflect.NativeMethodAccessorImpl.invoke0(Native Method)
	at sun.reflect.NativeMethodAccessorImpl.invoke(Unknown Source)
	at sun.reflect.DelegatingMethodAccessorImpl.invoke(Unknown Source)
	at java.lang.reflect.Method.invoke(Unknown Source)
	at org.testng.internal.MethodInvocationHelper.invokeMethod(MethodInvocationHelper.java:124)
	at org.testng.internal.MethodInvocationHelper.invokeMethodConsideringTimeout(MethodInvocationHelper.java:59)
	at org.testng.internal.Invoker.invokeConfigurationMethod(Invoker.java:458)
	at org.testng.internal.Invoker.invokeConfigurations(Invoker.java:222)
	at org.testng.internal.Invoker.invokeConfigurations(Invoker.java:142)
	at org.testng.TestRunner.beforeRun(TestRunner.java:529)
	at org.testng.TestRunner.run(TestRunner.java:497)
	at org.testng.SuiteRunner.runTest(SuiteRunner.java:455)
	at org.testng.SuiteRunner.runSequentially(SuiteRunner.java:450)
	at org.testng.SuiteRunner.privateRun(SuiteRunner.java:415)
	at org.testng.SuiteRunner.run(SuiteRunner.java:364)
	at org.testng.SuiteRunnerWorker.runSuite(SuiteRunnerWorker.java:52)
	at org.testng.SuiteRunnerWorker.run(SuiteRunnerWorker.java:84)
	at org.testng.TestNG.runSuitesSequentially(TestNG.java:1208)
	at org.testng.TestNG.runSuitesLocally(TestNG.java:1137)
	at org.testng.TestNG.runSuites(TestNG.java:1049)
	at org.testng.TestNG.run(TestNG.java:1017)
	at org.testng.remote.AbstractRemoteTestNG.run(AbstractRemoteTestNG.java:115)
	at org.testng.remote.RemoteTestNG.initAndRun(RemoteTestNG.java:251)
	at org.testng.remote.RemoteTestNG.main(RemoteTestNG.java:77)
</pre></div></td>
<td>0</td>
<td>com.qa.hubspot.tests.LoginPageTest@38d5b107</td></tr>
</table><p>
</body>
</html>