<?xml version="1.0" encoding="UTF-8"?>
<!-- Generated by org.testng.reporters.JUnitXMLReporter -->
<testsuite hostname="DESKTOP-0J47P2G" ignored="0" name="HubSpot Feature Testing - chrome" tests="3" failures="0" timestamp="27 Jul 2020 03:34:22 GMT" time="10.245" errors="0">
  <testcase name="@BeforeTest setUp" time="9.292" classname="com.qa.hubspot.base.BaseTest">
    <failure type="org.openqa.selenium.SessionNotCreatedException" message="session not created
from disconnected: received Inspector.detached event
  (Session info: chrome=84.0.4147.89)
Build info: version: &amp;apos;3.141.59&amp;apos;, revision: &amp;apos;e82be7d358&amp;apos;, time: &amp;apos;2018-11-14T08:17:03&amp;apos;
System info: host: &amp;apos;DESKTOP-0J47P2G&amp;apos;, ip: &amp;apos;192.168.56.1&amp;apos;, os.name: &amp;apos;Windows 10&amp;apos;, os.arch: &amp;apos;amd64&amp;apos;, os.version: &amp;apos;10.0&amp;apos;, java.version: &amp;apos;1.8.0_251&amp;apos;
Driver info: driver.version: ChromeDriver
remote stacktrace: Backtrace:
	Ordinal0 [0x006587E3+2852835]
	Ordinal0 [0x00545BB1+1727409]
	Ordinal0 [0x0041E4B9+517305]
	Ordinal0 [0x00416959+485721]
	Ordinal0 [0x0041656C+484716]
	Ordinal0 [0x00415E98+482968]
	Ordinal0 [0x004152D1+479953]
	Ordinal0 [0x00415515+480533]
	Ordinal0 [0x00414F45+479045]
	Ordinal0 [0x0041D225+512549]
	Ordinal0 [0x00414F02+478978]
	Ordinal0 [0x00415B19+482073]
	Ordinal0 [0x004152D1+479953]
	Ordinal0 [0x00415515+480533]
	Ordinal0 [0x00414F45+479045]
	Ordinal0 [0x0041BA6E+506478]
	Ordinal0 [0x00414F02+478978]
	Ordinal0 [0x00415B19+482073]
	Ordinal0 [0x004152D1+479953]
	Ordinal0 [0x00415515+480533]
	Ordinal0 [0x00414F45+479045]
	Ordinal0 [0x00419FC6+499654]
	Ordinal0 [0x00414F02+478978]
	Ordinal0 [0x00415B19+482073]
	Ordinal0 [0x004152D1+479953]
	Ordinal0 [0x00415515+480533]
	Ordinal0 [0x00414F45+479045]
	Ordinal0 [0x00419587+497031]
	Ordinal0 [0x00414F02+478978]
	Ordinal0 [0x00415B19+482073]
	Ordinal0 [0x004152D1+479953]
	Ordinal0 [0x00415515+480533]
	Ordinal0 [0x00414F45+479045]
	Ordinal0 [0x004116BC+464572]
	Ordinal0 [0x00414F02+478978]
	Ordinal0 [0x00414E57+478807]
	Ordinal0 [0x0041F300+520960]
	Ordinal0 [0x003CE489+189577]
	Ordinal0 [0x003CD7FD+186365]
	Ordinal0 [0x003CB70B+177931]
	Ordinal0 [0x003B2584+75140]
	Ordinal0 [0x003B3650+79440]
	Ordinal0 [0x003B35E9+79337]
	Ordinal0 [0x0055AD5C+1813852]
	GetHandleVerifier [0x0077C616+1075574]
	GetHandleVerifier [0x0077C367+1074887]
	GetHandleVerifier [0x00787497+1120247]
	GetHandleVerifier [0x0077CC16+1077110]
	Ordinal0 [0x00553206+1782278]
	Ordinal0 [0x0055C3BB+1819579]
	Ordinal0 [0x0055C523+1819939]
	Ordinal0 [0x00572B45+1911621]
	BaseThreadInitThunk [0x75EAF989+25]
	RtlGetAppContainerNamedObjectPath [0x777874A4+228]
	RtlGetAppContainerNamedObjectPath [0x77787474+180]
">
      <![CDATA[org.openqa.selenium.SessionNotCreatedException: session not created
from disconnected: received Inspector.detached event
  (Session info: chrome=84.0.4147.89)
Build info: version: '3.141.59', revision: 'e82be7d358', time: '2018-11-14T08:17:03'
System info: host: 'DESKTOP-0J47P2G', ip: '192.168.56.1', os.name: 'Windows 10', os.arch: 'amd64', os.version: '10.0', java.version: '1.8.0_251'
Driver info: driver.version: ChromeDriver
remote stacktrace: Backtrace:
Ordinal0 [0x006587E3+2852835]
Ordinal0 [0x00545BB1+1727409]
Ordinal0 [0x0041E4B9+517305]
Ordinal0 [0x00416959+485721]
Ordinal0 [0x0041656C+484716]
Ordinal0 [0x00415E98+482968]
Ordinal0 [0x004152D1+479953]
Ordinal0 [0x00415515+480533]
Ordinal0 [0x00414F45+479045]
Ordinal0 [0x0041D225+512549]
Ordinal0 [0x00414F02+478978]
Ordinal0 [0x00415B19+482073]
Ordinal0 [0x004152D1+479953]
Ordinal0 [0x00415515+480533]
Ordinal0 [0x00414F45+479045]
Ordinal0 [0x0041BA6E+506478]
Ordinal0 [0x00414F02+478978]
Ordinal0 [0x00415B19+482073]
Ordinal0 [0x004152D1+479953]
Ordinal0 [0x00415515+480533]
Ordinal0 [0x00414F45+479045]
Ordinal0 [0x00419FC6+499654]
Ordinal0 [0x00414F02+478978]
Ordinal0 [0x00415B19+482073]
Ordinal0 [0x004152D1+479953]
Ordinal0 [0x00415515+480533]
Ordinal0 [0x00414F45+479045]
Ordinal0 [0x00419587+497031]
Ordinal0 [0x00414F02+478978]
Ordinal0 [0x00415B19+482073]
Ordinal0 [0x004152D1+479953]
Ordinal0 [0x00415515+480533]
Ordinal0 [0x00414F45+479045]
Ordinal0 [0x004116BC+464572]
Ordinal0 [0x00414F02+478978]
Ordinal0 [0x00414E57+478807]
Ordinal0 [0x0041F300+520960]
Ordinal0 [0x003CE489+189577]
Ordinal0 [0x003CD7FD+186365]
Ordinal0 [0x003CB70B+177931]
Ordinal0 [0x003B2584+75140]
Ordinal0 [0x003B3650+79440]
Ordinal0 [0x003B35E9+79337]
Ordinal0 [0x0055AD5C+1813852]
GetHandleVerifier [0x0077C616+1075574]
GetHandleVerifier [0x0077C367+1074887]
GetHandleVerifier [0x00787497+1120247]
GetHandleVerifier [0x0077CC16+1077110]
Ordinal0 [0x00553206+1782278]
Ordinal0 [0x0055C3BB+1819579]
Ordinal0 [0x0055C523+1819939]
Ordinal0 [0x00572B45+1911621]
BaseThreadInitThunk [0x75EAF989+25]
RtlGetAppContainerNamedObjectPath [0x777874A4+228]
RtlGetAppContainerNamedObjectPath [0x77787474+180]

at org.openqa.selenium.remote.W3CHandshakeResponse.lambda$errorHandler$0(W3CHandshakeResponse.java:62)
at org.openqa.selenium.remote.HandshakeResponse.lambda$getResponseFunction$0(HandshakeResponse.java:30)
at org.openqa.selenium.remote.ProtocolHandshake.lambda$createSession$0(ProtocolHandshake.java:126)
at java.util.stream.ReferencePipeline$3$1.accept(Unknown Source)
at java.util.Spliterators$ArraySpliterator.tryAdvance(Unknown Source)
at java.util.stream.ReferencePipeline.forEachWithCancel(Unknown Source)
at java.util.stream.AbstractPipeline.copyIntoWithCancel(Unknown Source)
at java.util.stream.AbstractPipeline.copyInto(Unknown Source)
at java.util.stream.AbstractPipeline.wrapAndCopyInto(Unknown Source)
at java.util.stream.FindOps$FindOp.evaluateSequential(Unknown Source)
at java.util.stream.AbstractPipeline.evaluate(Unknown Source)
at java.util.stream.ReferencePipeline.findFirst(Unknown Source)
at org.openqa.selenium.remote.ProtocolHandshake.createSession(ProtocolHandshake.java:128)
at org.openqa.selenium.remote.ProtocolHandshake.createSession(ProtocolHandshake.java:74)
at org.openqa.selenium.remote.HttpCommandExecutor.execute(HttpCommandExecutor.java:136)
at org.openqa.selenium.remote.service.DriverCommandExecutor.execute(DriverCommandExecutor.java:83)
at org.openqa.selenium.remote.RemoteWebDriver.execute(RemoteWebDriver.java:552)
at org.openqa.selenium.remote.RemoteWebDriver.startSession(RemoteWebDriver.java:213)
at org.openqa.selenium.remote.RemoteWebDriver.<init>(RemoteWebDriver.java:131)
at org.openqa.selenium.chrome.ChromeDriver.<init>(ChromeDriver.java:181)
at org.openqa.selenium.chrome.ChromeDriver.<init>(ChromeDriver.java:168)
at org.openqa.selenium.chrome.ChromeDriver.<init>(ChromeDriver.java:157)
at com.qa.hubspot.base.BasePage.init_driver(BasePage.java:56)
at com.qa.hubspot.base.BaseTest.setUp(BaseTest.java:26)
... Removed 28 stack frames]]>
    </failure>
  </testcase> <!-- @BeforeTest setUp -->
  <testcase name="@AfterTest tearDown" time="0.0" classname="com.qa.hubspot.base.BaseTest">
    <skipped/>
  </testcase> <!-- @AfterTest tearDown -->
  <testcase name="verifySignUpLinkTest" time="0.0" classname="com.qa.hubspot.tests.LoginPageTest">
    <skipped/>
  </testcase> <!-- verifySignUpLinkTest -->
  <testcase name="verifyLoginPageTitleTest" time="0.0" classname="com.qa.hubspot.tests.LoginPageTest">
    <skipped/>
  </testcase> <!-- verifyLoginPageTitleTest -->
  <testcase name="loginTest" time="0.0" classname="com.qa.hubspot.tests.LoginPageTest">
    <skipped/>
  </testcase> <!-- loginTest -->
</testsuite> <!-- HubSpot Feature Testing - chrome -->
