<!DOCTYPE html>

<html>
  <head>
  <meta charset='utf-8'>
  <title>TestNG reports</title>

    <link type="text/css" href="testng-reports.css" rel="stylesheet" />
    <script type="text/javascript" src="jquery-1.7.1.min.js"></script>
    <script type="text/javascript" src="testng-reports.js"></script>
    <script type="text/javascript" src="https://www.google.com/jsapi"></script>
    <script type='text/javascript'>
      google.load('visualization', '1', {packages:['table']});
      google.setOnLoadCallback(drawTable);
      var suiteTableInitFunctions = new Array();
      var suiteTableData = new Array();
    </script>
    <!--
      <script type="text/javascript" src="jquery-ui/js/jquery-ui-1.8.16.custom.min.js"></script>
     -->
  </head>

  <body>
    <div class="top-banner-root">
      <span class="top-banner-title-font">Test results</span>
      <br/>
      <span class="top-banner-font-1">1 suite</span>
    </div> <!-- top-banner-root -->
    <div class="navigator-root">
      <div class="navigator-suite-header">
        <span>All suites</span>
        <a href="#" class="collapse-all-link" title="Collapse/expand all the suites">
          <img class="collapse-all-icon" src="collapseall.gif">
          </img> <!-- collapse-all-icon -->
        </a> <!-- collapse-all-link -->
      </div> <!-- navigator-suite-header -->
      <div class="suite">
        <div class="rounded-window">
          <div class="suite-header light-rounded-window-top">
            <a href="#" class="navigator-link" panel-name="suite-Hub_spot_Test_automtion_regression_suite">
              <span class="suite-name border-skipped">Hub spot Test automtion regression suite</span>
            </a> <!-- navigator-link -->
          </div> <!-- suite-header light-rounded-window-top -->
          <div class="navigator-suite-content">
            <div class="suite-section-title">
              <span>Info</span>
            </div> <!-- suite-section-title -->
            <div class="suite-section-content">
              <ul>
                <li>
                  <a href="#" class="navigator-link " panel-name="test-xml-Hub_spot_Test_automtion_regression_suite">
                    <span>C:\NaveenCodeMay2020POMSeries\src\test\resources\testrunners\testng_regression.xml</span>
                  </a> <!-- navigator-link  -->
                </li>
                <li>
                  <a href="#" class="navigator-link " panel-name="testlist-Hub_spot_Test_automtion_regression_suite">
                    <span class="test-stats">1 test</span>
                  </a> <!-- navigator-link  -->
                </li>
                <li>
                  <a href="#" class="navigator-link " panel-name="group-Hub_spot_Test_automtion_regression_suite">
                    <span>0 groups</span>
                  </a> <!-- navigator-link  -->
                </li>
                <li>
                  <a href="#" class="navigator-link " panel-name="times-Hub_spot_Test_automtion_regression_suite">
                    <span>Times</span>
                  </a> <!-- navigator-link  -->
                </li>
                <li>
                  <a href="#" class="navigator-link " panel-name="reporter-Hub_spot_Test_automtion_regression_suite">
                    <span>Reporter output</span>
                  </a> <!-- navigator-link  -->
                </li>
                <li>
                  <a href="#" class="navigator-link " panel-name="ignored-methods-Hub_spot_Test_automtion_regression_suite">
                    <span>Ignored methods</span>
                  </a> <!-- navigator-link  -->
                </li>
                <li>
                  <a href="#" class="navigator-link " panel-name="chronological-Hub_spot_Test_automtion_regression_suite">
                    <span>Chronological view</span>
                  </a> <!-- navigator-link  -->
                </li>
              </ul>
            </div> <!-- suite-section-content -->
            <div class="result-section">
              <div class="suite-section-title">
                <span>Results</span>
              </div> <!-- suite-section-title -->
              <div class="suite-section-content">
                <ul>
                  <li>
                    <span class="method-stats">3 methods,  3 skipped,  </span>
                  </li>
                  <li>
                    <span class="method-list-title skipped">Skipped methods</span>
                    <span class="show-or-hide-methods skipped">
                      <a href="#" panel-name="suite-Hub_spot_Test_automtion_regression_suite" class="hide-methods skipped suite-Hub_spot_Test_automtion_regression_suite"> (hide)</a> <!-- hide-methods skipped suite-Hub_spot_Test_automtion_regression_suite -->
                      <a href="#" panel-name="suite-Hub_spot_Test_automtion_regression_suite" class="show-methods skipped suite-Hub_spot_Test_automtion_regression_suite"> (show)</a> <!-- show-methods skipped suite-Hub_spot_Test_automtion_regression_suite -->
                    </span>
                    <div class="method-list-content skipped suite-Hub_spot_Test_automtion_regression_suite">
                      <span>
                        <img width="3%" src="skipped.png"/>
                        <a href="#" class="method navigator-link" panel-name="suite-Hub_spot_Test_automtion_regression_suite" title="com.qa.hubspot.tests.LoginPageTest" hash-for-method="loginTest">loginTest</a> <!-- method navigator-link -->
                      </span>
                      <br/>
                      <span>
                        <img width="3%" src="skipped.png"/>
                        <a href="#" class="method navigator-link" panel-name="suite-Hub_spot_Test_automtion_regression_suite" title="com.qa.hubspot.tests.LoginPageTest" hash-for-method="verifyLoginPageTitleTest">verifyLoginPageTitleTest</a> <!-- method navigator-link -->
                      </span>
                      <br/>
                      <span>
                        <img width="3%" src="skipped.png"/>
                        <a href="#" class="method navigator-link" panel-name="suite-Hub_spot_Test_automtion_regression_suite" title="com.qa.hubspot.tests.LoginPageTest" hash-for-method="verifySignUpLinkTest">verifySignUpLinkTest</a> <!-- method navigator-link -->
                      </span>
                      <br/>
                    </div> <!-- method-list-content skipped suite-Hub_spot_Test_automtion_regression_suite -->
                  </li>
                </ul>
              </div> <!-- suite-section-content -->
            </div> <!-- result-section -->
          </div> <!-- navigator-suite-content -->
        </div> <!-- rounded-window -->
      </div> <!-- suite -->
    </div> <!-- navigator-root -->
    <div class="wrapper">
      <div class="main-panel-root">
        <div panel-name="suite-Hub_spot_Test_automtion_regression_suite" class="panel Hub_spot_Test_automtion_regression_suite">
          <div class="suite-Hub_spot_Test_automtion_regression_suite-class-skipped">
            <div class="main-panel-header rounded-window-top">
              <img src="skipped.png"/>
              <span class="class-name">com.qa.hubspot.tests.LoginPageTest</span>
            </div> <!-- main-panel-header rounded-window-top -->
            <div class="main-panel-content rounded-window-bottom">
              <div class="method">
                <div class="method-content">
                  <a name="loginTest">
                  </a> <!-- loginTest -->
                  <span class="method-name">loginTest</span>
                  <div class="stack-trace">org.openqa.selenium.SessionNotCreatedException: session not created
from disconnected: received Inspector.detached event
  (Session info: chrome=84.0.4147.89)
Build info: version: &apos;3.141.59&apos;, revision: &apos;e82be7d358&apos;, time: &apos;2018-11-14T08:17:03&apos;
System info: host: &apos;DESKTOP-0J47P2G&apos;, ip: &apos;192.168.56.1&apos;, os.name: &apos;Windows 10&apos;, os.arch: &apos;amd64&apos;, os.version: &apos;10.0&apos;, java.version: &apos;1.8.0_251&apos;
Driver info: driver.version: ChromeDriver
remote stacktrace: Backtrace:
	Ordinal0 [0x006587E3+2852835]
	Ordinal0 [0x00545BB1+1727409]
	Ordinal0 [0x0041E4B9+517305]
	Ordinal0 [0x00416959+485721]
	Ordinal0 [0x0041656C+484716]
	Ordinal0 [0x00415E98+482968]
	Ordinal0 [0x004152D1+479953]
	Ordinal0 [0x00415515+480533]
	Ordinal0 [0x00414F45+479045]
	Ordinal0 [0x0041D225+512549]
	Ordinal0 [0x00414F02+478978]
	Ordinal0 [0x00415B19+482073]
	Ordinal0 [0x004152D1+479953]
	Ordinal0 [0x00415515+480533]
	Ordinal0 [0x00414F45+479045]
	Ordinal0 [0x0041BA6E+506478]
	Ordinal0 [0x00414F02+478978]
	Ordinal0 [0x00415B19+482073]
	Ordinal0 [0x004152D1+479953]
	Ordinal0 [0x00415515+480533]
	Ordinal0 [0x00414F45+479045]
	Ordinal0 [0x00419FC6+499654]
	Ordinal0 [0x00414F02+478978]
	Ordinal0 [0x00415B19+482073]
	Ordinal0 [0x004152D1+479953]
	Ordinal0 [0x00415515+480533]
	Ordinal0 [0x00414F45+479045]
	Ordinal0 [0x00419587+497031]
	Ordinal0 [0x00414F02+478978]
	Ordinal0 [0x00415B19+482073]
	Ordinal0 [0x004152D1+479953]
	Ordinal0 [0x00415515+480533]
	Ordinal0 [0x00414F45+479045]
	Ordinal0 [0x004116BC+464572]
	Ordinal0 [0x00414F02+478978]
	Ordinal0 [0x00414E57+478807]
	Ordinal0 [0x0041F300+520960]
	Ordinal0 [0x003CE489+189577]
	Ordinal0 [0x003CD7FD+186365]
	Ordinal0 [0x003CB70B+177931]
	Ordinal0 [0x003B2584+75140]
	Ordinal0 [0x003B3650+79440]
	Ordinal0 [0x003B35E9+79337]
	Ordinal0 [0x0055AD5C+1813852]
	GetHandleVerifier [0x0077C616+1075574]
	GetHandleVerifier [0x0077C367+1074887]
	GetHandleVerifier [0x00787497+1120247]
	GetHandleVerifier [0x0077CC16+1077110]
	Ordinal0 [0x00553206+1782278]
	Ordinal0 [0x0055C3BB+1819579]
	Ordinal0 [0x0055C523+1819939]
	Ordinal0 [0x00572B45+1911621]
	BaseThreadInitThunk [0x75EAF989+25]
	RtlGetAppContainerNamedObjectPath [0x777874A4+228]
	RtlGetAppContainerNamedObjectPath [0x77787474+180]

	at org.openqa.selenium.remote.W3CHandshakeResponse.lambda$errorHandler$0(W3CHandshakeResponse.java:62)
	at org.openqa.selenium.remote.HandshakeResponse.lambda$getResponseFunction$0(HandshakeResponse.java:30)
	at org.openqa.selenium.remote.ProtocolHandshake.lambda$createSession$0(ProtocolHandshake.java:126)
	at java.util.stream.ReferencePipeline$3$1.accept(Unknown Source)
	at java.util.Spliterators$ArraySpliterator.tryAdvance(Unknown Source)
	at java.util.stream.ReferencePipeline.forEachWithCancel(Unknown Source)
	at java.util.stream.AbstractPipeline.copyIntoWithCancel(Unknown Source)
	at java.util.stream.AbstractPipeline.copyInto(Unknown Source)
	at java.util.stream.AbstractPipeline.wrapAndCopyInto(Unknown Source)
	at java.util.stream.FindOps$FindOp.evaluateSequential(Unknown Source)
	at java.util.stream.AbstractPipeline.evaluate(Unknown Source)
	at java.util.stream.ReferencePipeline.findFirst(Unknown Source)
	at org.openqa.selenium.remote.ProtocolHandshake.createSession(ProtocolHandshake.java:128)
	at org.openqa.selenium.remote.ProtocolHandshake.createSession(ProtocolHandshake.java:74)
	at org.openqa.selenium.remote.HttpCommandExecutor.execute(HttpCommandExecutor.java:136)
	at org.openqa.selenium.remote.service.DriverCommandExecutor.execute(DriverCommandExecutor.java:83)
	at org.openqa.selenium.remote.RemoteWebDriver.execute(RemoteWebDriver.java:552)
	at org.openqa.selenium.remote.RemoteWebDriver.startSession(RemoteWebDriver.java:213)
	at org.openqa.selenium.remote.RemoteWebDriver.&lt;init&gt;(RemoteWebDriver.java:131)
	at org.openqa.selenium.chrome.ChromeDriver.&lt;init&gt;(ChromeDriver.java:181)
	at org.openqa.selenium.chrome.ChromeDriver.&lt;init&gt;(ChromeDriver.java:168)
	at org.openqa.selenium.chrome.ChromeDriver.&lt;init&gt;(ChromeDriver.java:157)
	at com.qa.hubspot.base.BasePage.init_driver(BasePage.java:56)
	at com.qa.hubspot.base.BaseTest.setUp(BaseTest.java:26)
... Removed 28 stack frames
</div> <!-- stack-trace -->
                </div> <!-- method-content -->
              </div> <!-- method -->
              <div class="method">
                <div class="method-content">
                  <a name="verifyLoginPageTitleTest">
                  </a> <!-- verifyLoginPageTitleTest -->
                  <span class="method-name">verifyLoginPageTitleTest</span>
                  <div class="stack-trace">org.openqa.selenium.SessionNotCreatedException: session not created
from disconnected: received Inspector.detached event
  (Session info: chrome=84.0.4147.89)
Build info: version: &apos;3.141.59&apos;, revision: &apos;e82be7d358&apos;, time: &apos;2018-11-14T08:17:03&apos;
System info: host: &apos;DESKTOP-0J47P2G&apos;, ip: &apos;192.168.56.1&apos;, os.name: &apos;Windows 10&apos;, os.arch: &apos;amd64&apos;, os.version: &apos;10.0&apos;, java.version: &apos;1.8.0_251&apos;
Driver info: driver.version: ChromeDriver
remote stacktrace: Backtrace:
	Ordinal0 [0x006587E3+2852835]
	Ordinal0 [0x00545BB1+1727409]
	Ordinal0 [0x0041E4B9+517305]
	Ordinal0 [0x00416959+485721]
	Ordinal0 [0x0041656C+484716]
	Ordinal0 [0x00415E98+482968]
	Ordinal0 [0x004152D1+479953]
	Ordinal0 [0x00415515+480533]
	Ordinal0 [0x00414F45+479045]
	Ordinal0 [0x0041D225+512549]
	Ordinal0 [0x00414F02+478978]
	Ordinal0 [0x00415B19+482073]
	Ordinal0 [0x004152D1+479953]
	Ordinal0 [0x00415515+480533]
	Ordinal0 [0x00414F45+479045]
	Ordinal0 [0x0041BA6E+506478]
	Ordinal0 [0x00414F02+478978]
	Ordinal0 [0x00415B19+482073]
	Ordinal0 [0x004152D1+479953]
	Ordinal0 [0x00415515+480533]
	Ordinal0 [0x00414F45+479045]
	Ordinal0 [0x00419FC6+499654]
	Ordinal0 [0x00414F02+478978]
	Ordinal0 [0x00415B19+482073]
	Ordinal0 [0x004152D1+479953]
	Ordinal0 [0x00415515+480533]
	Ordinal0 [0x00414F45+479045]
	Ordinal0 [0x00419587+497031]
	Ordinal0 [0x00414F02+478978]
	Ordinal0 [0x00415B19+482073]
	Ordinal0 [0x004152D1+479953]
	Ordinal0 [0x00415515+480533]
	Ordinal0 [0x00414F45+479045]
	Ordinal0 [0x004116BC+464572]
	Ordinal0 [0x00414F02+478978]
	Ordinal0 [0x00414E57+478807]
	Ordinal0 [0x0041F300+520960]
	Ordinal0 [0x003CE489+189577]
	Ordinal0 [0x003CD7FD+186365]
	Ordinal0 [0x003CB70B+177931]
	Ordinal0 [0x003B2584+75140]
	Ordinal0 [0x003B3650+79440]
	Ordinal0 [0x003B35E9+79337]
	Ordinal0 [0x0055AD5C+1813852]
	GetHandleVerifier [0x0077C616+1075574]
	GetHandleVerifier [0x0077C367+1074887]
	GetHandleVerifier [0x00787497+1120247]
	GetHandleVerifier [0x0077CC16+1077110]
	Ordinal0 [0x00553206+1782278]
	Ordinal0 [0x0055C3BB+1819579]
	Ordinal0 [0x0055C523+1819939]
	Ordinal0 [0x00572B45+1911621]
	BaseThreadInitThunk [0x75EAF989+25]
	RtlGetAppContainerNamedObjectPath [0x777874A4+228]
	RtlGetAppContainerNamedObjectPath [0x77787474+180]

	at org.openqa.selenium.remote.W3CHandshakeResponse.lambda$errorHandler$0(W3CHandshakeResponse.java:62)
	at org.openqa.selenium.remote.HandshakeResponse.lambda$getResponseFunction$0(HandshakeResponse.java:30)
	at org.openqa.selenium.remote.ProtocolHandshake.lambda$createSession$0(ProtocolHandshake.java:126)
	at java.util.stream.ReferencePipeline$3$1.accept(Unknown Source)
	at java.util.Spliterators$ArraySpliterator.tryAdvance(Unknown Source)
	at java.util.stream.ReferencePipeline.forEachWithCancel(Unknown Source)
	at java.util.stream.AbstractPipeline.copyIntoWithCancel(Unknown Source)
	at java.util.stream.AbstractPipeline.copyInto(Unknown Source)
	at java.util.stream.AbstractPipeline.wrapAndCopyInto(Unknown Source)
	at java.util.stream.FindOps$FindOp.evaluateSequential(Unknown Source)
	at java.util.stream.AbstractPipeline.evaluate(Unknown Source)
	at java.util.stream.ReferencePipeline.findFirst(Unknown Source)
	at org.openqa.selenium.remote.ProtocolHandshake.createSession(ProtocolHandshake.java:128)
	at org.openqa.selenium.remote.ProtocolHandshake.createSession(ProtocolHandshake.java:74)
	at org.openqa.selenium.remote.HttpCommandExecutor.execute(HttpCommandExecutor.java:136)
	at org.openqa.selenium.remote.service.DriverCommandExecutor.execute(DriverCommandExecutor.java:83)
	at org.openqa.selenium.remote.RemoteWebDriver.execute(RemoteWebDriver.java:552)
	at org.openqa.selenium.remote.RemoteWebDriver.startSession(RemoteWebDriver.java:213)
	at org.openqa.selenium.remot